app/build/intermediates/manifest_merge_blame_file/debug/manifest-merger-blame-debug-report.txt
1<?xml version="1.0" encoding="utf-8"?>
2<manifest xmlns:android="http://schemas.android.com/apk/res/android"
3    package="com.nightrain.mediamanage"
4    android:versionCode="1"
5    android:versionName="1.0" >
6
7    <uses-sdk
8        android:minSdkVersion="21"
8-->src\main\AndroidManifest.xml
9        android:targetSdkVersion="30" />
9-->src\main\AndroidManifest.xml
10
11    <uses-permission android:name="android.permission.WRITE_EXTERNAL_STORAGE" />
11-->src\main\AndroidManifest.xml:5:5-81
11-->src\main\AndroidManifest.xml:5:22-78
12    <uses-permission android:name="android.permission.READ_EXTERNAL_STORAGE" />
12-->src\main\AndroidManifest.xml:6:5-80
12-->src\main\AndroidManifest.xml:6:22-77
13    <uses-permission android:name="android.permission.MANAGE_EXTERNAL_STORAGE" />
13-->src\main\AndroidManifest.xml:7:5-82
13-->src\main\AndroidManifest.xml:7:22-79
14
15    <application
15-->src\main\AndroidManifest.xml:9:5-24:19
16        android:name="com.nightrain.mediamanage.MyApplication"
16-->src\main\AndroidManifest.xml:10:9-38
17        android:allowBackup="true"
17-->src\main\AndroidManifest.xml:11:9-35
18        android:appComponentFactory="androidx.core.app.CoreComponentFactory"
18-->[androidx.core:core:1.3.2] AndroidManifest.xml:24:18-86
19        android:debuggable="true"
20        android:icon="@mipmap/ic_launcher"
20-->src\main\AndroidManifest.xml:12:9-43
21        android:label="@string/app_name"
21-->src\main\AndroidManifest.xml:13:9-41
22        android:roundIcon="@mipmap/ic_launcher_round"
22-->src\main\AndroidManifest.xml:14:9-54
23        android:supportsRtl="true"
23-->src\main\AndroidManifest.xml:15:9-35
24        android:testOnly="true"
25        android:theme="@style/Theme.MediaManage" >
25-->src\main\AndroidManifest.xml:16:9-49
26        <activity android:name="com.nightrain.mediamanage.MainActivity" >
26-->src\main\AndroidManifest.xml:17:9-23:20
26-->src\main\AndroidManifest.xml:17:19-47
27            <intent-filter>
27-->src\main\AndroidManifest.xml:18:13-22:29
28                <action android:name="android.intent.action.MAIN" />
28-->src\main\AndroidManifest.xml:19:17-69
28-->src\main\AndroidManifest.xml:19:25-66
29
30                <category android:name="android.intent.category.LAUNCHER" />
30-->src\main\AndroidManifest.xml:21:17-77
30-->src\main\AndroidManifest.xml:21:27-74
31            </intent-filter>
32        </activity>
33        <activity
33-->[:MediaSelect] AndroidManifest.xml:13:9-18:56
34            android:name="com.nightrain.mediaselect.ui.VideoSelectActivity"
34-->[:MediaSelect] AndroidManifest.xml:14:13-76
35            android:configChanges="orientation|screenSize|keyboard|keyboardHidden|uiMode"
35-->[:MediaSelect] AndroidManifest.xml:15:13-90
36            android:screenOrientation="portrait"
36-->[:MediaSelect] AndroidManifest.xml:16:13-49
37            android:windowSoftInputMode="stateHidden|stateUnchanged" />
37-->[:MediaSelect] AndroidManifest.xml:17:13-69
38        <activity
38-->[:MediaSelect] AndroidManifest.xml:19:9-24:56
39            android:name="com.nightrain.mediaselect.ui.GIFSelectActivity"
39-->[:MediaSelect] AndroidManifest.xml:20:13-74
40            android:configChanges="orientation|screenSize|keyboard|keyboardHidden|uiMode"
40-->[:MediaSelect] AndroidManifest.xml:21:13-90
41            android:screenOrientation="portrait"
41-->[:MediaSelect] AndroidManifest.xml:22:13-49
42            android:windowSoftInputMode="stateHidden|stateUnchanged" />
42-->[:MediaSelect] AndroidManifest.xml:23:13-69
43        <activity
43-->[:MediaSelect] AndroidManifest.xml:25:9-30:56
44            android:name="com.nightrain.mediaselect.ui.PictureSelectActivity"
44-->[:MediaSelect] AndroidManifest.xml:26:13-78
45            android:configChanges="orientation|screenSize|keyboard|keyboardHidden|uiMode"
45-->[:MediaSelect] AndroidManifest.xml:27:13-90
46            android:screenOrientation="portrait"
46-->[:MediaSelect] AndroidManifest.xml:28:13-49
47            android:windowSoftInputMode="stateHidden|stateUnchanged" />
47-->[:MediaSelect] AndroidManifest.xml:29:13-69
48    </application>
49
50</manifest>